<?xml version="1.0" encoding="UTF-8"?>
<!-- Generated by org.testng.reporters.JUnitXMLReporter -->
<testsuite ignored="0" hostname="DESKTOP-4QIRT8H" failures="0" tests="4" name="Test" time="0.052" errors="0" timestamp="19 May 2019 09:09:21 GMT">
  <testcase classname="qaclickacademy.SeleniumTest" name="BrowserAutomation" time="0.01"/>
  <testcase classname="qaclickacademy.SeleniumTest" name="ElementsUI" time="0.001"/>
  <testcase classname="qaclickacademy.RestAPITest" name="DeleteTwitter" time="0.0"/>
  <testcase classname="qaclickacademy.RestAPITest" name="PostJira" time="0.0"/>
</testsuite> <!-- Test -->
