<?xml version="1.0" encoding="UTF-8"?>
<testng-results ignored="0" total="4" passed="4" failed="0" skipped="0">
  <reporter-output>
  </reporter-output>
  <suite started-at="2019-05-19T09:09:20Z" name="Suite" finished-at="2019-05-19T09:09:20Z" duration-ms="52">
    <groups>
    </groups>
    <test started-at="2019-05-19T09:09:20Z" name="Test" finished-at="2019-05-19T09:09:20Z" duration-ms="52">
      <class name="qaclickacademy.RestAPITest">
        <test-method signature="DeleteTwitter()[pri:0, instance:qaclickacademy.RestAPITest@2a5c8d3f]" started-at="2019-05-19T09:09:20Z" name="DeleteTwitter" finished-at="2019-05-19T09:09:20Z" duration-ms="0" status="PASS">
          <reporter-output>
          </reporter-output>
        </test-method> <!-- DeleteTwitter -->
        <test-method signature="PostJira()[pri:0, instance:qaclickacademy.RestAPITest@2a5c8d3f]" started-at="2019-05-19T09:09:20Z" name="PostJira" finished-at="2019-05-19T09:09:20Z" duration-ms="0" status="PASS">
          <reporter-output>
          </reporter-output>
        </test-method> <!-- PostJira -->
      </class> <!-- qaclickacademy.RestAPITest -->
      <class name="qaclickacademy.SeleniumTest">
        <test-method signature="BrowserAutomation()[pri:0, instance:qaclickacademy.SeleniumTest@3a52dba3]" started-at="2019-05-19T09:09:20Z" name="BrowserAutomation" finished-at="2019-05-19T09:09:20Z" duration-ms="10" status="PASS">
          <reporter-output>
          </reporter-output>
        </test-method> <!-- BrowserAutomation -->
        <test-method signature="ElementsUI()[pri:0, instance:qaclickacademy.SeleniumTest@3a52dba3]" started-at="2019-05-19T09:09:20Z" name="ElementsUI" finished-at="2019-05-19T09:09:20Z" duration-ms="1" status="PASS">
          <reporter-output>
          </reporter-output>
        </test-method> <!-- ElementsUI -->
      </class> <!-- qaclickacademy.SeleniumTest -->
    </test> <!-- Test -->
  </suite> <!-- Suite -->
</testng-results>
